2016/12/10 20:26:09 [error] [exception.CHttpException.403] exception 'CHttpException' with message 'You are not allowed to access this page.' in /home/vagrant/Code/Yii/vendor/yiisoft/yii/framework/gii/GiiModule.php:170
Stack trace:
#0 /home/vagrant/Code/Yii/vendor/yiisoft/yii/framework/web/CController.php(263): GiiModule->beforeControllerAction(Object(DefaultController), Object(CInlineAction))
#1 /home/vagrant/Code/Yii/vendor/yiisoft/yii/framework/web/CWebApplication.php(282): CController->run('')
#2 /home/vagrant/Code/Yii/vendor/yiisoft/yii/framework/web/CWebApplication.php(141): CWebApplication->runController('gii')
#3 /home/vagrant/Code/Yii/vendor/yiisoft/yii/framework/base/CApplication.php(185): CWebApplication->processRequest()
#4 /home/vagrant/Code/Yii/public/index.php(13): CApplication->run()
#5 {main}
REQUEST_URI=/index.php?r=gii
---
2016/12/10 20:26:49 [error] [exception.CHttpException.403] exception 'CHttpException' with message 'You are not allowed to access this page.' in /home/vagrant/Code/Yii/vendor/yiisoft/yii/framework/gii/GiiModule.php:170
Stack trace:
#0 /home/vagrant/Code/Yii/vendor/yiisoft/yii/framework/web/CController.php(263): GiiModule->beforeControllerAction(Object(DefaultController), Object(CInlineAction))
#1 /home/vagrant/Code/Yii/vendor/yiisoft/yii/framework/web/CWebApplication.php(282): CController->run('')
#2 /home/vagrant/Code/Yii/vendor/yiisoft/yii/framework/web/CWebApplication.php(141): CWebApplication->runController('gii')
#3 /home/vagrant/Code/Yii/vendor/yiisoft/yii/framework/base/CApplication.php(185): CWebApplication->processRequest()
#4 /home/vagrant/Code/Yii/public/index.php(13): CApplication->run()
#5 {main}
REQUEST_URI=/index.php?r=gii
---
2016/12/10 20:26:51 [error] [exception.CHttpException.403] exception 'CHttpException' with message 'You are not allowed to access this page.' in /home/vagrant/Code/Yii/vendor/yiisoft/yii/framework/gii/GiiModule.php:170
Stack trace:
#0 /home/vagrant/Code/Yii/vendor/yiisoft/yii/framework/web/CController.php(263): GiiModule->beforeControllerAction(Object(DefaultController), Object(CInlineAction))
#1 /home/vagrant/Code/Yii/vendor/yiisoft/yii/framework/web/CWebApplication.php(282): CController->run('')
#2 /home/vagrant/Code/Yii/vendor/yiisoft/yii/framework/web/CWebApplication.php(141): CWebApplication->runController('gii')
#3 /home/vagrant/Code/Yii/vendor/yiisoft/yii/framework/base/CApplication.php(185): CWebApplication->processRequest()
#4 /home/vagrant/Code/Yii/public/index.php(13): CApplication->run()
#5 {main}
REQUEST_URI=/index.php?r=gii
---
2016/12/10 20:29:38 [error] [exception.CDbException] exception 'CDbException' with message 'CDbConnection failed to open the DB connection: could not find driver' in /home/vagrant/Code/Yii/vendor/yiisoft/yii/framework/db/CDbConnection.php:399
Stack trace:
#0 /home/vagrant/Code/Yii/vendor/yiisoft/yii/framework/db/CDbConnection.php(347): CDbConnection->open()
#1 /home/vagrant/Code/Yii/vendor/yiisoft/yii/framework/db/CDbConnection.php(325): CDbConnection->setActive(true)
#2 /home/vagrant/Code/Yii/vendor/yiisoft/yii/framework/base/CModule.php(394): CDbConnection->init()
#3 /home/vagrant/Code/Yii/vendor/yiisoft/yii/framework/base/CModule.php(103): CModule->getComponent('db')
#4 /home/vagrant/Code/Yii/vendor/yiisoft/yii/framework/gii/generators/model/ModelCode.php(60): CModule->__get('db')
#5 /home/vagrant/Code/Yii/vendor/yiisoft/yii/framework/web/CFormModel.php(39): ModelCode->init()
#6 /home/vagrant/Code/Yii/vendor/yiisoft/yii/framework/gii/CCodeGenerator.php(153): CFormModel->__construct()
#7 /home/vagrant/Code/Yii/vendor/yiisoft/yii/framework/gii/CCodeGenerator.php(63): CCodeGenerator->prepare()
#8 /home/vagrant/Code/Yii/vendor/yiisoft/yii/framework/web/actions/CInlineAction.php(49): CCodeGenerator->actionIndex()
#9 /home/vagrant/Code/Yii/vendor/yiisoft/yii/framework/web/CController.php(308): CInlineAction->runWithParams(Array)
#10 /home/vagrant/Code/Yii/vendor/yiisoft/yii/framework/web/CController.php(286): CController->runAction(Object(CInlineAction))
#11 /home/vagrant/Code/Yii/vendor/yiisoft/yii/framework/web/CController.php(265): CController->runActionWithFilters(Object(CInlineAction), Array)
#12 /home/vagrant/Code/Yii/vendor/yiisoft/yii/framework/web/CWebApplication.php(282): CController->run('index')
#13 /home/vagrant/Code/Yii/vendor/yiisoft/yii/framework/web/CWebApplication.php(141): CWebApplication->runController('gii/model/index')
#14 /home/vagrant/Code/Yii/vendor/yiisoft/yii/framework/base/CApplication.php(185): CWebApplication->processRequest()
#15 /home/vagrant/Code/Yii/public/index.php(13): CApplication->run()
#16 {main}
REQUEST_URI=/index.php?r=gii/model/index
HTTP_REFERER=http://yii.app/index.php?r=gii/default/index
---
2016/12/10 20:30:41 [error] [exception.CDbException] exception 'CDbException' with message 'CDbConnection failed to open the DB connection: could not find driver' in /home/vagrant/Code/Yii/vendor/yiisoft/yii/framework/db/CDbConnection.php:399
Stack trace:
#0 /home/vagrant/Code/Yii/vendor/yiisoft/yii/framework/db/CDbConnection.php(347): CDbConnection->open()
#1 /home/vagrant/Code/Yii/vendor/yiisoft/yii/framework/db/CDbConnection.php(325): CDbConnection->setActive(true)
#2 /home/vagrant/Code/Yii/vendor/yiisoft/yii/framework/base/CModule.php(394): CDbConnection->init()
#3 /home/vagrant/Code/Yii/vendor/yiisoft/yii/framework/base/CModule.php(103): CModule->getComponent('db')
#4 /home/vagrant/Code/Yii/vendor/yiisoft/yii/framework/gii/generators/model/ModelCode.php(60): CModule->__get('db')
#5 /home/vagrant/Code/Yii/vendor/yiisoft/yii/framework/web/CFormModel.php(39): ModelCode->init()
#6 /home/vagrant/Code/Yii/vendor/yiisoft/yii/framework/gii/CCodeGenerator.php(153): CFormModel->__construct()
#7 /home/vagrant/Code/Yii/vendor/yiisoft/yii/framework/gii/CCodeGenerator.php(63): CCodeGenerator->prepare()
#8 /home/vagrant/Code/Yii/vendor/yiisoft/yii/framework/web/actions/CInlineAction.php(49): CCodeGenerator->actionIndex()
#9 /home/vagrant/Code/Yii/vendor/yiisoft/yii/framework/web/CController.php(308): CInlineAction->runWithParams(Array)
#10 /home/vagrant/Code/Yii/vendor/yiisoft/yii/framework/web/CController.php(286): CController->runAction(Object(CInlineAction))
#11 /home/vagrant/Code/Yii/vendor/yiisoft/yii/framework/web/CController.php(265): CController->runActionWithFilters(Object(CInlineAction), Array)
#12 /home/vagrant/Code/Yii/vendor/yiisoft/yii/framework/web/CWebApplication.php(282): CController->run('index')
#13 /home/vagrant/Code/Yii/vendor/yiisoft/yii/framework/web/CWebApplication.php(141): CWebApplication->runController('gii/model/index')
#14 /home/vagrant/Code/Yii/vendor/yiisoft/yii/framework/base/CApplication.php(185): CWebApplication->processRequest()
#15 /home/vagrant/Code/Yii/public/index.php(13): CApplication->run()
#16 {main}
REQUEST_URI=/index.php?r=gii/model/index
HTTP_REFERER=http://yii.app/index.php?r=gii/default/index
---
2016/12/10 20:30:45 [error] [exception.CDbException] exception 'CDbException' with message 'CDbConnection failed to open the DB connection: could not find driver' in /home/vagrant/Code/Yii/vendor/yiisoft/yii/framework/db/CDbConnection.php:399
Stack trace:
#0 /home/vagrant/Code/Yii/vendor/yiisoft/yii/framework/db/CDbConnection.php(347): CDbConnection->open()
#1 /home/vagrant/Code/Yii/vendor/yiisoft/yii/framework/db/CDbConnection.php(325): CDbConnection->setActive(true)
#2 /home/vagrant/Code/Yii/vendor/yiisoft/yii/framework/base/CModule.php(394): CDbConnection->init()
#3 /home/vagrant/Code/Yii/vendor/yiisoft/yii/framework/base/CModule.php(103): CModule->getComponent('db')
#4 /home/vagrant/Code/Yii/vendor/yiisoft/yii/framework/gii/generators/model/ModelCode.php(60): CModule->__get('db')
#5 /home/vagrant/Code/Yii/vendor/yiisoft/yii/framework/web/CFormModel.php(39): ModelCode->init()
#6 /home/vagrant/Code/Yii/vendor/yiisoft/yii/framework/gii/CCodeGenerator.php(153): CFormModel->__construct()
#7 /home/vagrant/Code/Yii/vendor/yiisoft/yii/framework/gii/CCodeGenerator.php(63): CCodeGenerator->prepare()
#8 /home/vagrant/Code/Yii/vendor/yiisoft/yii/framework/web/actions/CInlineAction.php(49): CCodeGenerator->actionIndex()
#9 /home/vagrant/Code/Yii/vendor/yiisoft/yii/framework/web/CController.php(308): CInlineAction->runWithParams(Array)
#10 /home/vagrant/Code/Yii/vendor/yiisoft/yii/framework/web/CController.php(286): CController->runAction(Object(CInlineAction))
#11 /home/vagrant/Code/Yii/vendor/yiisoft/yii/framework/web/CController.php(265): CController->runActionWithFilters(Object(CInlineAction), Array)
#12 /home/vagrant/Code/Yii/vendor/yiisoft/yii/framework/web/CWebApplication.php(282): CController->run('index')
#13 /home/vagrant/Code/Yii/vendor/yiisoft/yii/framework/web/CWebApplication.php(141): CWebApplication->runController('gii/model/index')
#14 /home/vagrant/Code/Yii/vendor/yiisoft/yii/framework/base/CApplication.php(185): CWebApplication->processRequest()
#15 /home/vagrant/Code/Yii/public/index.php(13): CApplication->run()
#16 {main}
REQUEST_URI=/index.php?r=gii/model/index
HTTP_REFERER=http://yii.app/index.php?r=gii/default/index
---
2016/12/10 20:37:47 [error] [exception.CDbException] exception 'CDbException' with message 'CDbConnection failed to open the DB connection: could not find driver' in /home/vagrant/Code/Yii/vendor/yiisoft/yii/framework/db/CDbConnection.php:399
Stack trace:
#0 /home/vagrant/Code/Yii/vendor/yiisoft/yii/framework/db/CDbConnection.php(347): CDbConnection->open()
#1 /home/vagrant/Code/Yii/vendor/yiisoft/yii/framework/db/CDbConnection.php(325): CDbConnection->setActive(true)
#2 /home/vagrant/Code/Yii/vendor/yiisoft/yii/framework/base/CModule.php(394): CDbConnection->init()
#3 /home/vagrant/Code/Yii/vendor/yiisoft/yii/framework/base/CModule.php(103): CModule->getComponent('db')
#4 /home/vagrant/Code/Yii/vendor/yiisoft/yii/framework/gii/generators/model/ModelCode.php(60): CModule->__get('db')
#5 /home/vagrant/Code/Yii/vendor/yiisoft/yii/framework/web/CFormModel.php(39): ModelCode->init()
#6 /home/vagrant/Code/Yii/vendor/yiisoft/yii/framework/gii/CCodeGenerator.php(153): CFormModel->__construct()
#7 /home/vagrant/Code/Yii/vendor/yiisoft/yii/framework/gii/CCodeGenerator.php(63): CCodeGenerator->prepare()
#8 /home/vagrant/Code/Yii/vendor/yiisoft/yii/framework/web/actions/CInlineAction.php(49): CCodeGenerator->actionIndex()
#9 /home/vagrant/Code/Yii/vendor/yiisoft/yii/framework/web/CController.php(308): CInlineAction->runWithParams(Array)
#10 /home/vagrant/Code/Yii/vendor/yiisoft/yii/framework/web/CController.php(286): CController->runAction(Object(CInlineAction))
#11 /home/vagrant/Code/Yii/vendor/yiisoft/yii/framework/web/CController.php(265): CController->runActionWithFilters(Object(CInlineAction), Array)
#12 /home/vagrant/Code/Yii/vendor/yiisoft/yii/framework/web/CWebApplication.php(282): CController->run('index')
#13 /home/vagrant/Code/Yii/vendor/yiisoft/yii/framework/web/CWebApplication.php(141): CWebApplication->runController('gii/model/index')
#14 /home/vagrant/Code/Yii/vendor/yiisoft/yii/framework/base/CApplication.php(185): CWebApplication->processRequest()
#15 /home/vagrant/Code/Yii/public/index.php(13): CApplication->run()
#16 {main}
REQUEST_URI=/index.php?r=gii/model/index
HTTP_REFERER=http://yii.app/index.php?r=gii/default/index
---
2016/12/10 20:37:48 [error] [exception.CDbException] exception 'CDbException' with message 'CDbConnection failed to open the DB connection: could not find driver' in /home/vagrant/Code/Yii/vendor/yiisoft/yii/framework/db/CDbConnection.php:399
Stack trace:
#0 /home/vagrant/Code/Yii/vendor/yiisoft/yii/framework/db/CDbConnection.php(347): CDbConnection->open()
#1 /home/vagrant/Code/Yii/vendor/yiisoft/yii/framework/db/CDbConnection.php(325): CDbConnection->setActive(true)
#2 /home/vagrant/Code/Yii/vendor/yiisoft/yii/framework/base/CModule.php(394): CDbConnection->init()
#3 /home/vagrant/Code/Yii/vendor/yiisoft/yii/framework/base/CModule.php(103): CModule->getComponent('db')
#4 /home/vagrant/Code/Yii/vendor/yiisoft/yii/framework/gii/generators/model/ModelCode.php(60): CModule->__get('db')
#5 /home/vagrant/Code/Yii/vendor/yiisoft/yii/framework/web/CFormModel.php(39): ModelCode->init()
#6 /home/vagrant/Code/Yii/vendor/yiisoft/yii/framework/gii/CCodeGenerator.php(153): CFormModel->__construct()
#7 /home/vagrant/Code/Yii/vendor/yiisoft/yii/framework/gii/CCodeGenerator.php(63): CCodeGenerator->prepare()
#8 /home/vagrant/Code/Yii/vendor/yiisoft/yii/framework/web/actions/CInlineAction.php(49): CCodeGenerator->actionIndex()
#9 /home/vagrant/Code/Yii/vendor/yiisoft/yii/framework/web/CController.php(308): CInlineAction->runWithParams(Array)
#10 /home/vagrant/Code/Yii/vendor/yiisoft/yii/framework/web/CController.php(286): CController->runAction(Object(CInlineAction))
#11 /home/vagrant/Code/Yii/vendor/yiisoft/yii/framework/web/CController.php(265): CController->runActionWithFilters(Object(CInlineAction), Array)
#12 /home/vagrant/Code/Yii/vendor/yiisoft/yii/framework/web/CWebApplication.php(282): CController->run('index')
#13 /home/vagrant/Code/Yii/vendor/yiisoft/yii/framework/web/CWebApplication.php(141): CWebApplication->runController('gii/model/index')
#14 /home/vagrant/Code/Yii/vendor/yiisoft/yii/framework/base/CApplication.php(185): CWebApplication->processRequest()
#15 /home/vagrant/Code/Yii/public/index.php(13): CApplication->run()
#16 {main}
REQUEST_URI=/index.php?r=gii/model/index
HTTP_REFERER=http://yii.app/index.php?r=gii/default/index
---
2016/12/10 20:42:36 [error] [system.db.CDbCommand] CDbCommand::execute() failed: SQLSTATE[23000]: Integrity constraint violation: 19 NOT NULL constraint failed: post.id. The SQL statement executed was: INSERT INTO 'post' ("name", "text", "date_create", "date_update", "author_id") VALUES (:yp0, :yp1, :yp2, :yp3, :yp4).
in /home/vagrant/Code/Yii/protected/controllers/PostController.php (73)
in /home/vagrant/Code/Yii/public/index.php (13)
2016/12/10 20:42:36 [error] [exception.CDbException] exception 'CDbException' with message 'CDbCommand failed to execute the SQL statement: SQLSTATE[23000]: Integrity constraint violation: 19 NOT NULL constraint failed: post.id. The SQL statement executed was: INSERT INTO 'post' ("name", "text", "date_create", "date_update", "author_id") VALUES (:yp0, :yp1, :yp2, :yp3, :yp4)' in /home/vagrant/Code/Yii/vendor/yiisoft/yii/framework/db/CDbCommand.php:358
Stack trace:
#0 /home/vagrant/Code/Yii/vendor/yiisoft/yii/framework/db/ar/CActiveRecord.php(1080): CDbCommand->execute()
#1 /home/vagrant/Code/Yii/vendor/yiisoft/yii/framework/db/ar/CActiveRecord.php(809): CActiveRecord->insert(NULL)
#2 /home/vagrant/Code/Yii/protected/controllers/PostController.php(73): CActiveRecord->save()
#3 /home/vagrant/Code/Yii/vendor/yiisoft/yii/framework/web/actions/CInlineAction.php(49): PostController->actionCreate()
#4 /home/vagrant/Code/Yii/vendor/yiisoft/yii/framework/web/CController.php(308): CInlineAction->runWithParams(Array)
#5 /home/vagrant/Code/Yii/vendor/yiisoft/yii/framework/web/filters/CFilterChain.php(133): CController->runAction(Object(CInlineAction))
#6 /home/vagrant/Code/Yii/vendor/yiisoft/yii/framework/web/filters/CFilter.php(40): CFilterChain->run()
#7 /home/vagrant/Code/Yii/vendor/yiisoft/yii/framework/web/CController.php(1145): CFilter->filter(Object(CFilterChain))
#8 /home/vagrant/Code/Yii/vendor/yiisoft/yii/framework/web/filters/CInlineFilter.php(58): CController->filterAccessControl(Object(CFilterChain))
#9 /home/vagrant/Code/Yii/vendor/yiisoft/yii/framework/web/filters/CFilterChain.php(130): CInlineFilter->filter(Object(CFilterChain))
#10 /home/vagrant/Code/Yii/vendor/yiisoft/yii/framework/web/CController.php(291): CFilterChain->run()
#11 /home/vagrant/Code/Yii/vendor/yiisoft/yii/framework/web/CController.php(265): CController->runActionWithFilters(Object(CInlineAction), Array)
#12 /home/vagrant/Code/Yii/vendor/yiisoft/yii/framework/web/CWebApplication.php(282): CController->run('create')
#13 /home/vagrant/Code/Yii/vendor/yiisoft/yii/framework/web/CWebApplication.php(141): CWebApplication->runController('post/create')
#14 /home/vagrant/Code/Yii/vendor/yiisoft/yii/framework/base/CApplication.php(185): CWebApplication->processRequest()
#15 /home/vagrant/Code/Yii/public/index.php(13): CApplication->run()
#16 {main}
REQUEST_URI=/index.php?r=post/create
HTTP_REFERER=http://yii.app/index.php?r=post/create
---
2016/12/10 21:07:05 [error] [exception.CHttpException.400] exception 'CHttpException' with message 'Your request is invalid.' in /home/vagrant/Code/Yii/vendor/yiisoft/yii/framework/web/CController.php:336
Stack trace:
#0 /home/vagrant/Code/Yii/vendor/yiisoft/yii/framework/web/CController.php(309): CController->invalidActionParams(Object(CInlineAction))
#1 /home/vagrant/Code/Yii/vendor/yiisoft/yii/framework/web/filters/CFilterChain.php(133): CController->runAction(Object(CInlineAction))
#2 /home/vagrant/Code/Yii/vendor/yiisoft/yii/framework/web/filters/CFilter.php(40): CFilterChain->run()
#3 /home/vagrant/Code/Yii/vendor/yiisoft/yii/framework/web/CController.php(1145): CFilter->filter(Object(CFilterChain))
#4 /home/vagrant/Code/Yii/vendor/yiisoft/yii/framework/web/filters/CInlineFilter.php(58): CController->filterAccessControl(Object(CFilterChain))
#5 /home/vagrant/Code/Yii/vendor/yiisoft/yii/framework/web/filters/CFilterChain.php(130): CInlineFilter->filter(Object(CFilterChain))
#6 /home/vagrant/Code/Yii/vendor/yiisoft/yii/framework/web/CController.php(291): CFilterChain->run()
#7 /home/vagrant/Code/Yii/vendor/yiisoft/yii/framework/web/CController.php(265): CController->runActionWithFilters(Object(CInlineAction), Array)
#8 /home/vagrant/Code/Yii/vendor/yiisoft/yii/framework/web/CWebApplication.php(282): CController->run('view')
#9 /home/vagrant/Code/Yii/vendor/yiisoft/yii/framework/web/CWebApplication.php(141): CWebApplication->runController('post/view')
#10 /home/vagrant/Code/Yii/vendor/yiisoft/yii/framework/base/CApplication.php(185): CWebApplication->processRequest()
#11 /home/vagrant/Code/Yii/public/index.php(13): CApplication->run()
#12 {main}
REQUEST_URI=/index.php?r=post/view&id=1
HTTP_REFERER=http://yii.app/index.php?r=post/index
---
2016/12/10 21:12:30 [error] [exception.CHttpException.400] exception 'CHttpException' with message 'Your request is invalid.' in /home/vagrant/Code/Yii/vendor/yiisoft/yii/framework/web/CController.php:336
Stack trace:
#0 /home/vagrant/Code/Yii/vendor/yiisoft/yii/framework/web/CController.php(309): CController->invalidActionParams(Object(CInlineAction))
#1 /home/vagrant/Code/Yii/vendor/yiisoft/yii/framework/web/filters/CFilterChain.php(133): CController->runAction(Object(CInlineAction))
#2 /home/vagrant/Code/Yii/vendor/yiisoft/yii/framework/web/filters/CFilter.php(40): CFilterChain->run()
#3 /home/vagrant/Code/Yii/vendor/yiisoft/yii/framework/web/CController.php(1145): CFilter->filter(Object(CFilterChain))
#4 /home/vagrant/Code/Yii/vendor/yiisoft/yii/framework/web/filters/CInlineFilter.php(58): CController->filterAccessControl(Object(CFilterChain))
#5 /home/vagrant/Code/Yii/vendor/yiisoft/yii/framework/web/filters/CFilterChain.php(130): CInlineFilter->filter(Object(CFilterChain))
#6 /home/vagrant/Code/Yii/vendor/yiisoft/yii/framework/web/CController.php(291): CFilterChain->run()
#7 /home/vagrant/Code/Yii/vendor/yiisoft/yii/framework/web/CController.php(265): CController->runActionWithFilters(Object(CInlineAction), Array)
#8 /home/vagrant/Code/Yii/vendor/yiisoft/yii/framework/web/CWebApplication.php(282): CController->run('view')
#9 /home/vagrant/Code/Yii/vendor/yiisoft/yii/framework/web/CWebApplication.php(141): CWebApplication->runController('post/view')
#10 /home/vagrant/Code/Yii/vendor/yiisoft/yii/framework/base/CApplication.php(185): CWebApplication->processRequest()
#11 /home/vagrant/Code/Yii/public/index.php(13): CApplication->run()
#12 {main}
REQUEST_URI=/index.php?r=post/view
---
2016/12/10 21:42:14 [error] [exception.CException] exception 'CException' with message 'Alias "CTimestampBehavior.php" is invalid. Make sure it points to an existing directory or file.' in /home/vagrant/Code/Yii/vendor/yiisoft/yii/framework/YiiBase.php:348
Stack trace:
#0 /home/vagrant/Code/Yii/vendor/yiisoft/yii/framework/YiiBase.php(196): YiiBase::import('CTimestampBehav...', true)
#1 /home/vagrant/Code/Yii/vendor/yiisoft/yii/framework/base/CComponent.php(329): YiiBase::createComponent('CTimestampBehav...')
#2 /home/vagrant/Code/Yii/vendor/yiisoft/yii/framework/base/CComponent.php(298): CComponent->attachBehavior(0, 'CTimestampBehav...')
#3 /home/vagrant/Code/Yii/vendor/yiisoft/yii/framework/db/ar/CActiveRecord.php(396): CComponent->attachBehaviors(Array)
#4 /home/vagrant/Code/Yii/vendor/yiisoft/yii/framework/web/CActiveDataProvider.php(165): CActiveRecord::model('Post')
#5 /home/vagrant/Code/Yii/vendor/yiisoft/yii/framework/web/CActiveDataProvider.php(87): CActiveDataProvider->getModel('Post')
#6 /home/vagrant/Code/Yii/protected/controllers/PostController.php(125): CActiveDataProvider->__construct('Post')
#7 /home/vagrant/Code/Yii/vendor/yiisoft/yii/framework/web/actions/CInlineAction.php(49): PostController->actionIndex()
#8 /home/vagrant/Code/Yii/vendor/yiisoft/yii/framework/web/CController.php(308): CInlineAction->runWithParams(Array)
#9 /home/vagrant/Code/Yii/vendor/yiisoft/yii/framework/web/filters/CFilterChain.php(133): CController->runAction(Object(CInlineAction))
#10 /home/vagrant/Code/Yii/vendor/yiisoft/yii/framework/web/filters/CFilter.php(40): CFilterChain->run()
#11 /home/vagrant/Code/Yii/vendor/yiisoft/yii/framework/web/CController.php(1145): CFilter->filter(Object(CFilterChain))
#12 /home/vagrant/Code/Yii/vendor/yiisoft/yii/framework/web/filters/CInlineFilter.php(58): CController->filterAccessControl(Object(CFilterChain))
#13 /home/vagrant/Code/Yii/vendor/yiisoft/yii/framework/web/filters/CFilterChain.php(130): CInlineFilter->filter(Object(CFilterChain))
#14 /home/vagrant/Code/Yii/vendor/yiisoft/yii/framework/web/CController.php(291): CFilterChain->run()
#15 /home/vagrant/Code/Yii/vendor/yiisoft/yii/framework/web/CController.php(265): CController->runActionWithFilters(Object(CInlineAction), Array)
#16 /home/vagrant/Code/Yii/vendor/yiisoft/yii/framework/web/CWebApplication.php(282): CController->run('index')
#17 /home/vagrant/Code/Yii/vendor/yiisoft/yii/framework/web/CWebApplication.php(141): CWebApplication->runController('post/index')
#18 /home/vagrant/Code/Yii/vendor/yiisoft/yii/framework/base/CApplication.php(185): CWebApplication->processRequest()
#19 /home/vagrant/Code/Yii/public/index.php(13): CApplication->run()
#20 {main}
REQUEST_URI=/index.php?r=post/index
---
2016/12/10 21:42:24 [error] [php] include(CTimestampBehavior.php): failed to open stream: No such file or directory (/home/vagrant/Code/Yii/vendor/yiisoft/yii/framework/YiiBase.php:432)
Stack trace:
#0 unknown(0): spl_autoload_call()
#1 /home/vagrant/Code/Yii/vendor/yiisoft/yii/framework/YiiBase.php(303): class_exists()
#2 /home/vagrant/Code/Yii/vendor/yiisoft/yii/framework/YiiBase.php(196): import()
#3 /home/vagrant/Code/Yii/vendor/yiisoft/yii/framework/base/CComponent.php(329): createComponent()
#4 /home/vagrant/Code/Yii/vendor/yiisoft/yii/framework/base/CComponent.php(298): Post->attachBehavior()
#5 /home/vagrant/Code/Yii/vendor/yiisoft/yii/framework/db/ar/CActiveRecord.php(396): Post->attachBehaviors()
#6 /home/vagrant/Code/Yii/vendor/yiisoft/yii/framework/web/CActiveDataProvider.php(165): model()
#7 /home/vagrant/Code/Yii/vendor/yiisoft/yii/framework/web/CActiveDataProvider.php(87): CActiveDataProvider->getModel()
#8 /home/vagrant/Code/Yii/protected/controllers/PostController.php(125): CActiveDataProvider->__construct()
#9 /home/vagrant/Code/Yii/vendor/yiisoft/yii/framework/web/actions/CInlineAction.php(49): PostController->actionIndex()
#10 /home/vagrant/Code/Yii/vendor/yiisoft/yii/framework/web/CController.php(308): CInlineAction->runWithParams()
#11 /home/vagrant/Code/Yii/vendor/yiisoft/yii/framework/web/filters/CFilterChain.php(133): PostController->runAction()
#12 /home/vagrant/Code/Yii/vendor/yiisoft/yii/framework/web/filters/CFilter.php(40): CFilterChain->run()
#13 /home/vagrant/Code/Yii/vendor/yiisoft/yii/framework/web/CController.php(1145): CAccessControlFilter->filter()
#14 /home/vagrant/Code/Yii/vendor/yiisoft/yii/framework/web/filters/CInlineFilter.php(58): PostController->filterAccessControl()
#15 /home/vagrant/Code/Yii/vendor/yiisoft/yii/framework/web/filters/CFilterChain.php(130): CInlineFilter->filter()
#16 /home/vagrant/Code/Yii/vendor/yiisoft/yii/framework/web/CController.php(291): CFilterChain->run()
#17 /home/vagrant/Code/Yii/vendor/yiisoft/yii/framework/web/CController.php(265): PostController->runActionWithFilters()
#18 /home/vagrant/Code/Yii/vendor/yiisoft/yii/framework/web/CWebApplication.php(282): PostController->run()
#19 /home/vagrant/Code/Yii/vendor/yiisoft/yii/framework/web/CWebApplication.php(141): CWebApplication->runController()
#20 /home/vagrant/Code/Yii/vendor/yiisoft/yii/framework/base/CApplication.php(185): CWebApplication->processRequest()
#21 /home/vagrant/Code/Yii/public/index.php(13): CWebApplication->run()
REQUEST_URI=/index.php?r=post/index
in /home/vagrant/Code/Yii/protected/controllers/PostController.php (125)
in /home/vagrant/Code/Yii/public/index.php (13)
2016/12/10 21:43:02 [error] [php] include(CTimestampBehavior.php): failed to open stream: No such file or directory (/home/vagrant/Code/Yii/vendor/yiisoft/yii/framework/YiiBase.php:432)
Stack trace:
#0 unknown(0): spl_autoload_call()
#1 /home/vagrant/Code/Yii/vendor/yiisoft/yii/framework/YiiBase.php(303): class_exists()
#2 /home/vagrant/Code/Yii/vendor/yiisoft/yii/framework/YiiBase.php(196): import()
#3 /home/vagrant/Code/Yii/vendor/yiisoft/yii/framework/base/CComponent.php(329): createComponent()
#4 /home/vagrant/Code/Yii/vendor/yiisoft/yii/framework/base/CComponent.php(298): Post->attachBehavior()
#5 /home/vagrant/Code/Yii/vendor/yiisoft/yii/framework/db/ar/CActiveRecord.php(396): Post->attachBehaviors()
#6 /home/vagrant/Code/Yii/vendor/yiisoft/yii/framework/web/CActiveDataProvider.php(165): model()
#7 /home/vagrant/Code/Yii/vendor/yiisoft/yii/framework/web/CActiveDataProvider.php(87): CActiveDataProvider->getModel()
#8 /home/vagrant/Code/Yii/protected/controllers/PostController.php(125): CActiveDataProvider->__construct()
#9 /home/vagrant/Code/Yii/vendor/yiisoft/yii/framework/web/actions/CInlineAction.php(49): PostController->actionIndex()
#10 /home/vagrant/Code/Yii/vendor/yiisoft/yii/framework/web/CController.php(308): CInlineAction->runWithParams()
#11 /home/vagrant/Code/Yii/vendor/yiisoft/yii/framework/web/filters/CFilterChain.php(133): PostController->runAction()
#12 /home/vagrant/Code/Yii/vendor/yiisoft/yii/framework/web/filters/CFilter.php(40): CFilterChain->run()
#13 /home/vagrant/Code/Yii/vendor/yiisoft/yii/framework/web/CController.php(1145): CAccessControlFilter->filter()
#14 /home/vagrant/Code/Yii/vendor/yiisoft/yii/framework/web/filters/CInlineFilter.php(58): PostController->filterAccessControl()
#15 /home/vagrant/Code/Yii/vendor/yiisoft/yii/framework/web/filters/CFilterChain.php(130): CInlineFilter->filter()
#16 /home/vagrant/Code/Yii/vendor/yiisoft/yii/framework/web/CController.php(291): CFilterChain->run()
#17 /home/vagrant/Code/Yii/vendor/yiisoft/yii/framework/web/CController.php(265): PostController->runActionWithFilters()
#18 /home/vagrant/Code/Yii/vendor/yiisoft/yii/framework/web/CWebApplication.php(282): PostController->run()
#19 /home/vagrant/Code/Yii/vendor/yiisoft/yii/framework/web/CWebApplication.php(141): CWebApplication->runController()
#20 /home/vagrant/Code/Yii/vendor/yiisoft/yii/framework/base/CApplication.php(185): CWebApplication->processRequest()
#21 /home/vagrant/Code/Yii/public/index.php(13): CWebApplication->run()
REQUEST_URI=/index.php?r=post/index
in /home/vagrant/Code/Yii/protected/controllers/PostController.php (125)
in /home/vagrant/Code/Yii/public/index.php (13)
2016/12/10 21:43:04 [error] [php] include(CTimestampBehavior.php): failed to open stream: No such file or directory (/home/vagrant/Code/Yii/vendor/yiisoft/yii/framework/YiiBase.php:432)
Stack trace:
#0 unknown(0): spl_autoload_call()
#1 /home/vagrant/Code/Yii/vendor/yiisoft/yii/framework/YiiBase.php(303): class_exists()
#2 /home/vagrant/Code/Yii/vendor/yiisoft/yii/framework/YiiBase.php(196): import()
#3 /home/vagrant/Code/Yii/vendor/yiisoft/yii/framework/base/CComponent.php(329): createComponent()
#4 /home/vagrant/Code/Yii/vendor/yiisoft/yii/framework/base/CComponent.php(298): Post->attachBehavior()
#5 /home/vagrant/Code/Yii/vendor/yiisoft/yii/framework/db/ar/CActiveRecord.php(396): Post->attachBehaviors()
#6 /home/vagrant/Code/Yii/vendor/yiisoft/yii/framework/web/CActiveDataProvider.php(165): model()
#7 /home/vagrant/Code/Yii/vendor/yiisoft/yii/framework/web/CActiveDataProvider.php(87): CActiveDataProvider->getModel()
#8 /home/vagrant/Code/Yii/protected/controllers/PostController.php(125): CActiveDataProvider->__construct()
#9 /home/vagrant/Code/Yii/vendor/yiisoft/yii/framework/web/actions/CInlineAction.php(49): PostController->actionIndex()
#10 /home/vagrant/Code/Yii/vendor/yiisoft/yii/framework/web/CController.php(308): CInlineAction->runWithParams()
#11 /home/vagrant/Code/Yii/vendor/yiisoft/yii/framework/web/filters/CFilterChain.php(133): PostController->runAction()
#12 /home/vagrant/Code/Yii/vendor/yiisoft/yii/framework/web/filters/CFilter.php(40): CFilterChain->run()
#13 /home/vagrant/Code/Yii/vendor/yiisoft/yii/framework/web/CController.php(1145): CAccessControlFilter->filter()
#14 /home/vagrant/Code/Yii/vendor/yiisoft/yii/framework/web/filters/CInlineFilter.php(58): PostController->filterAccessControl()
#15 /home/vagrant/Code/Yii/vendor/yiisoft/yii/framework/web/filters/CFilterChain.php(130): CInlineFilter->filter()
#16 /home/vagrant/Code/Yii/vendor/yiisoft/yii/framework/web/CController.php(291): CFilterChain->run()
#17 /home/vagrant/Code/Yii/vendor/yiisoft/yii/framework/web/CController.php(265): PostController->runActionWithFilters()
#18 /home/vagrant/Code/Yii/vendor/yiisoft/yii/framework/web/CWebApplication.php(282): PostController->run()
#19 /home/vagrant/Code/Yii/vendor/yiisoft/yii/framework/web/CWebApplication.php(141): CWebApplication->runController()
#20 /home/vagrant/Code/Yii/vendor/yiisoft/yii/framework/base/CApplication.php(185): CWebApplication->processRequest()
#21 /home/vagrant/Code/Yii/public/index.php(13): CWebApplication->run()
REQUEST_URI=/index.php?r=post/index
in /home/vagrant/Code/Yii/protected/controllers/PostController.php (125)
in /home/vagrant/Code/Yii/public/index.php (13)
2016/12/10 21:43:31 [error] [php] include(CTimestampBehavior.php): failed to open stream: No such file or directory (/home/vagrant/Code/Yii/vendor/yiisoft/yii/framework/YiiBase.php:432)
Stack trace:
#0 unknown(0): spl_autoload_call()
#1 /home/vagrant/Code/Yii/vendor/yiisoft/yii/framework/YiiBase.php(303): class_exists()
#2 /home/vagrant/Code/Yii/vendor/yiisoft/yii/framework/YiiBase.php(196): import()
#3 /home/vagrant/Code/Yii/vendor/yiisoft/yii/framework/base/CComponent.php(329): createComponent()
#4 /home/vagrant/Code/Yii/vendor/yiisoft/yii/framework/base/CComponent.php(298): Post->attachBehavior()
#5 /home/vagrant/Code/Yii/vendor/yiisoft/yii/framework/db/ar/CActiveRecord.php(396): Post->attachBehaviors()
#6 /home/vagrant/Code/Yii/vendor/yiisoft/yii/framework/web/CActiveDataProvider.php(165): model()
#7 /home/vagrant/Code/Yii/vendor/yiisoft/yii/framework/web/CActiveDataProvider.php(87): CActiveDataProvider->getModel()
#8 /home/vagrant/Code/Yii/protected/controllers/PostController.php(125): CActiveDataProvider->__construct()
#9 /home/vagrant/Code/Yii/vendor/yiisoft/yii/framework/web/actions/CInlineAction.php(49): PostController->actionIndex()
#10 /home/vagrant/Code/Yii/vendor/yiisoft/yii/framework/web/CController.php(308): CInlineAction->runWithParams()
#11 /home/vagrant/Code/Yii/vendor/yiisoft/yii/framework/web/filters/CFilterChain.php(133): PostController->runAction()
#12 /home/vagrant/Code/Yii/vendor/yiisoft/yii/framework/web/filters/CFilter.php(40): CFilterChain->run()
#13 /home/vagrant/Code/Yii/vendor/yiisoft/yii/framework/web/CController.php(1145): CAccessControlFilter->filter()
#14 /home/vagrant/Code/Yii/vendor/yiisoft/yii/framework/web/filters/CInlineFilter.php(58): PostController->filterAccessControl()
#15 /home/vagrant/Code/Yii/vendor/yiisoft/yii/framework/web/filters/CFilterChain.php(130): CInlineFilter->filter()
#16 /home/vagrant/Code/Yii/vendor/yiisoft/yii/framework/web/CController.php(291): CFilterChain->run()
#17 /home/vagrant/Code/Yii/vendor/yiisoft/yii/framework/web/CController.php(265): PostController->runActionWithFilters()
#18 /home/vagrant/Code/Yii/vendor/yiisoft/yii/framework/web/CWebApplication.php(282): PostController->run()
#19 /home/vagrant/Code/Yii/vendor/yiisoft/yii/framework/web/CWebApplication.php(141): CWebApplication->runController()
#20 /home/vagrant/Code/Yii/vendor/yiisoft/yii/framework/base/CApplication.php(185): CWebApplication->processRequest()
#21 /home/vagrant/Code/Yii/public/index.php(13): CWebApplication->run()
REQUEST_URI=/index.php?r=post/index
in /home/vagrant/Code/Yii/protected/controllers/PostController.php (125)
in /home/vagrant/Code/Yii/public/index.php (13)
2016/12/10 21:43:33 [error] [php] include(CTimestampBehavior.php): failed to open stream: No such file or directory (/home/vagrant/Code/Yii/vendor/yiisoft/yii/framework/YiiBase.php:432)
Stack trace:
#0 unknown(0): spl_autoload_call()
#1 /home/vagrant/Code/Yii/vendor/yiisoft/yii/framework/YiiBase.php(303): class_exists()
#2 /home/vagrant/Code/Yii/vendor/yiisoft/yii/framework/YiiBase.php(196): import()
#3 /home/vagrant/Code/Yii/vendor/yiisoft/yii/framework/base/CComponent.php(329): createComponent()
#4 /home/vagrant/Code/Yii/vendor/yiisoft/yii/framework/base/CComponent.php(298): Post->attachBehavior()
#5 /home/vagrant/Code/Yii/vendor/yiisoft/yii/framework/db/ar/CActiveRecord.php(396): Post->attachBehaviors()
#6 /home/vagrant/Code/Yii/vendor/yiisoft/yii/framework/web/CActiveDataProvider.php(165): model()
#7 /home/vagrant/Code/Yii/vendor/yiisoft/yii/framework/web/CActiveDataProvider.php(87): CActiveDataProvider->getModel()
#8 /home/vagrant/Code/Yii/protected/controllers/PostController.php(125): CActiveDataProvider->__construct()
#9 /home/vagrant/Code/Yii/vendor/yiisoft/yii/framework/web/actions/CInlineAction.php(49): PostController->actionIndex()
#10 /home/vagrant/Code/Yii/vendor/yiisoft/yii/framework/web/CController.php(308): CInlineAction->runWithParams()
#11 /home/vagrant/Code/Yii/vendor/yiisoft/yii/framework/web/filters/CFilterChain.php(133): PostController->runAction()
#12 /home/vagrant/Code/Yii/vendor/yiisoft/yii/framework/web/filters/CFilter.php(40): CFilterChain->run()
#13 /home/vagrant/Code/Yii/vendor/yiisoft/yii/framework/web/CController.php(1145): CAccessControlFilter->filter()
#14 /home/vagrant/Code/Yii/vendor/yiisoft/yii/framework/web/filters/CInlineFilter.php(58): PostController->filterAccessControl()
#15 /home/vagrant/Code/Yii/vendor/yiisoft/yii/framework/web/filters/CFilterChain.php(130): CInlineFilter->filter()
#16 /home/vagrant/Code/Yii/vendor/yiisoft/yii/framework/web/CController.php(291): CFilterChain->run()
#17 /home/vagrant/Code/Yii/vendor/yiisoft/yii/framework/web/CController.php(265): PostController->runActionWithFilters()
#18 /home/vagrant/Code/Yii/vendor/yiisoft/yii/framework/web/CWebApplication.php(282): PostController->run()
#19 /home/vagrant/Code/Yii/vendor/yiisoft/yii/framework/web/CWebApplication.php(141): CWebApplication->runController()
#20 /home/vagrant/Code/Yii/vendor/yiisoft/yii/framework/base/CApplication.php(185): CWebApplication->processRequest()
#21 /home/vagrant/Code/Yii/public/index.php(13): CWebApplication->run()
REQUEST_URI=/index.php?r=post/index
in /home/vagrant/Code/Yii/protected/controllers/PostController.php (125)
in /home/vagrant/Code/Yii/public/index.php (13)
2016/12/10 21:45:52 [error] [exception.CHttpException.400] exception 'CHttpException' with message 'Your request is invalid.' in /home/vagrant/Code/Yii/vendor/yiisoft/yii/framework/web/CController.php:336
Stack trace:
#0 /home/vagrant/Code/Yii/vendor/yiisoft/yii/framework/web/CController.php(309): CController->invalidActionParams(Object(CInlineAction))
#1 /home/vagrant/Code/Yii/vendor/yiisoft/yii/framework/web/filters/CFilterChain.php(133): CController->runAction(Object(CInlineAction))
#2 /home/vagrant/Code/Yii/vendor/yiisoft/yii/framework/web/filters/CFilter.php(40): CFilterChain->run()
#3 /home/vagrant/Code/Yii/vendor/yiisoft/yii/framework/web/CController.php(1145): CFilter->filter(Object(CFilterChain))
#4 /home/vagrant/Code/Yii/vendor/yiisoft/yii/framework/web/filters/CInlineFilter.php(58): CController->filterAccessControl(Object(CFilterChain))
#5 /home/vagrant/Code/Yii/vendor/yiisoft/yii/framework/web/filters/CFilterChain.php(130): CInlineFilter->filter(Object(CFilterChain))
#6 /home/vagrant/Code/Yii/vendor/yiisoft/yii/framework/web/CController.php(291): CFilterChain->run()
#7 /home/vagrant/Code/Yii/vendor/yiisoft/yii/framework/web/CController.php(265): CController->runActionWithFilters(Object(CInlineAction), Array)
#8 /home/vagrant/Code/Yii/vendor/yiisoft/yii/framework/web/CWebApplication.php(282): CController->run('view')
#9 /home/vagrant/Code/Yii/vendor/yiisoft/yii/framework/web/CWebApplication.php(141): CWebApplication->runController('post/view')
#10 /home/vagrant/Code/Yii/vendor/yiisoft/yii/framework/base/CApplication.php(185): CWebApplication->processRequest()
#11 /home/vagrant/Code/Yii/public/index.php(13): CApplication->run()
#12 {main}
REQUEST_URI=/index.php?r=post/view&id=1
HTTP_REFERER=http://yii.app/index.php?r=post/index
---
2016/12/10 21:58:45 [error] [php] require(): Filename cannot be empty (/home/vagrant/Code/Yii/vendor/yiisoft/yii/framework/web/CBaseController.php:130)
Stack trace:
#0 /home/vagrant/Code/Yii/vendor/yiisoft/yii/framework/zii/widgets/CListView.php(291): SiteController->renderFile()
#1 /home/vagrant/Code/Yii/vendor/yiisoft/yii/framework/zii/widgets/CBaseListView.php(181): CListView->renderItems()
#2 unknown(0): CListView->renderSection()
#3 /home/vagrant/Code/Yii/vendor/yiisoft/yii/framework/zii/widgets/CBaseListView.php(164): preg_replace_callback()
#4 /home/vagrant/Code/Yii/vendor/yiisoft/yii/framework/zii/widgets/CBaseListView.php(149): CListView->renderContent()
#5 /home/vagrant/Code/Yii/vendor/yiisoft/yii/framework/web/CBaseController.php(181): CListView->run()
#6 /home/vagrant/Code/Yii/protected/views/site/partners.php(8): SiteController->widget()
#7 /home/vagrant/Code/Yii/vendor/yiisoft/yii/framework/web/CBaseController.php(126): require()
#8 /home/vagrant/Code/Yii/vendor/yiisoft/yii/framework/web/CBaseController.php(95): SiteController->renderInternal()
#9 /home/vagrant/Code/Yii/vendor/yiisoft/yii/framework/web/CController.php(869): SiteController->renderFile()
#10 /home/vagrant/Code/Yii/vendor/yiisoft/yii/framework/web/CController.php(782): SiteController->renderPartial()
#11 /home/vagrant/Code/Yii/protected/controllers/SiteController.php(115): SiteController->render()
#12 /home/vagrant/Code/Yii/vendor/yiisoft/yii/framework/web/actions/CInlineAction.php(49): SiteController->actionPartners()
#13 /home/vagrant/Code/Yii/vendor/yiisoft/yii/framework/web/CController.php(308): CInlineAction->runWithParams()
#14 /home/vagrant/Code/Yii/vendor/yiisoft/yii/framework/web/CController.php(286): SiteController->runAction()
#15 /home/vagrant/Code/Yii/vendor/yiisoft/yii/framework/web/CController.php(265): SiteController->runActionWithFilters()
#16 /home/vagrant/Code/Yii/vendor/yiisoft/yii/framework/web/CWebApplication.php(282): SiteController->run()
#17 /home/vagrant/Code/Yii/vendor/yiisoft/yii/framework/web/CWebApplication.php(141): CWebApplication->runController()
#18 /home/vagrant/Code/Yii/vendor/yiisoft/yii/framework/base/CApplication.php(185): CWebApplication->processRequest()
#19 /home/vagrant/Code/Yii/public/index.php(13): CWebApplication->run()
REQUEST_URI=/index.php?r=site/partners
in /home/vagrant/Code/Yii/protected/views/site/partners.php (8)
in /home/vagrant/Code/Yii/protected/controllers/SiteController.php (115)
in /home/vagrant/Code/Yii/public/index.php (13)
2016/12/10 21:59:15 [error] [php] require(): Filename cannot be empty (/home/vagrant/Code/Yii/vendor/yiisoft/yii/framework/web/CBaseController.php:130)
Stack trace:
#0 /home/vagrant/Code/Yii/vendor/yiisoft/yii/framework/zii/widgets/CListView.php(291): SiteController->renderFile()
#1 /home/vagrant/Code/Yii/vendor/yiisoft/yii/framework/zii/widgets/CBaseListView.php(181): CListView->renderItems()
#2 unknown(0): CListView->renderSection()
#3 /home/vagrant/Code/Yii/vendor/yiisoft/yii/framework/zii/widgets/CBaseListView.php(164): preg_replace_callback()
#4 /home/vagrant/Code/Yii/vendor/yiisoft/yii/framework/zii/widgets/CBaseListView.php(149): CListView->renderContent()
#5 /home/vagrant/Code/Yii/vendor/yiisoft/yii/framework/web/CBaseController.php(181): CListView->run()
#6 /home/vagrant/Code/Yii/protected/views/site/partners.php(8): SiteController->widget()
#7 /home/vagrant/Code/Yii/vendor/yiisoft/yii/framework/web/CBaseController.php(126): require()
#8 /home/vagrant/Code/Yii/vendor/yiisoft/yii/framework/web/CBaseController.php(95): SiteController->renderInternal()
#9 /home/vagrant/Code/Yii/vendor/yiisoft/yii/framework/web/CController.php(869): SiteController->renderFile()
#10 /home/vagrant/Code/Yii/vendor/yiisoft/yii/framework/web/CController.php(782): SiteController->renderPartial()
#11 /home/vagrant/Code/Yii/protected/controllers/SiteController.php(115): SiteController->render()
#12 /home/vagrant/Code/Yii/vendor/yiisoft/yii/framework/web/actions/CInlineAction.php(49): SiteController->actionPartners()
#13 /home/vagrant/Code/Yii/vendor/yiisoft/yii/framework/web/CController.php(308): CInlineAction->runWithParams()
#14 /home/vagrant/Code/Yii/vendor/yiisoft/yii/framework/web/CController.php(286): SiteController->runAction()
#15 /home/vagrant/Code/Yii/vendor/yiisoft/yii/framework/web/CController.php(265): SiteController->runActionWithFilters()
#16 /home/vagrant/Code/Yii/vendor/yiisoft/yii/framework/web/CWebApplication.php(282): SiteController->run()
#17 /home/vagrant/Code/Yii/vendor/yiisoft/yii/framework/web/CWebApplication.php(141): CWebApplication->runController()
#18 /home/vagrant/Code/Yii/vendor/yiisoft/yii/framework/base/CApplication.php(185): CWebApplication->processRequest()
#19 /home/vagrant/Code/Yii/public/index.php(13): CWebApplication->run()
REQUEST_URI=/index.php?r=site/partners
in /home/vagrant/Code/Yii/protected/views/site/partners.php (8)
in /home/vagrant/Code/Yii/protected/controllers/SiteController.php (115)
in /home/vagrant/Code/Yii/public/index.php (13)
2016/12/10 21:59:36 [error] [php] require(): Filename cannot be empty (/home/vagrant/Code/Yii/vendor/yiisoft/yii/framework/web/CBaseController.php:130)
Stack trace:
#0 /home/vagrant/Code/Yii/vendor/yiisoft/yii/framework/zii/widgets/CListView.php(291): SiteController->renderFile()
#1 /home/vagrant/Code/Yii/vendor/yiisoft/yii/framework/zii/widgets/CBaseListView.php(181): CListView->renderItems()
#2 unknown(0): CListView->renderSection()
#3 /home/vagrant/Code/Yii/vendor/yiisoft/yii/framework/zii/widgets/CBaseListView.php(164): preg_replace_callback()
#4 /home/vagrant/Code/Yii/vendor/yiisoft/yii/framework/zii/widgets/CBaseListView.php(149): CListView->renderContent()
#5 /home/vagrant/Code/Yii/vendor/yiisoft/yii/framework/web/CBaseController.php(181): CListView->run()
#6 /home/vagrant/Code/Yii/protected/views/site/partners.php(8): SiteController->widget()
#7 /home/vagrant/Code/Yii/vendor/yiisoft/yii/framework/web/CBaseController.php(126): require()
#8 /home/vagrant/Code/Yii/vendor/yiisoft/yii/framework/web/CBaseController.php(95): SiteController->renderInternal()
#9 /home/vagrant/Code/Yii/vendor/yiisoft/yii/framework/web/CController.php(869): SiteController->renderFile()
#10 /home/vagrant/Code/Yii/vendor/yiisoft/yii/framework/web/CController.php(782): SiteController->renderPartial()
#11 /home/vagrant/Code/Yii/protected/controllers/SiteController.php(115): SiteController->render()
#12 /home/vagrant/Code/Yii/vendor/yiisoft/yii/framework/web/actions/CInlineAction.php(49): SiteController->actionPartners()
#13 /home/vagrant/Code/Yii/vendor/yiisoft/yii/framework/web/CController.php(308): CInlineAction->runWithParams()
#14 /home/vagrant/Code/Yii/vendor/yiisoft/yii/framework/web/CController.php(286): SiteController->runAction()
#15 /home/vagrant/Code/Yii/vendor/yiisoft/yii/framework/web/CController.php(265): SiteController->runActionWithFilters()
#16 /home/vagrant/Code/Yii/vendor/yiisoft/yii/framework/web/CWebApplication.php(282): SiteController->run()
#17 /home/vagrant/Code/Yii/vendor/yiisoft/yii/framework/web/CWebApplication.php(141): CWebApplication->runController()
#18 /home/vagrant/Code/Yii/vendor/yiisoft/yii/framework/base/CApplication.php(185): CWebApplication->processRequest()
#19 /home/vagrant/Code/Yii/public/index.php(13): CWebApplication->run()
REQUEST_URI=/index.php?r=site/partners
in /home/vagrant/Code/Yii/protected/views/site/partners.php (8)
in /home/vagrant/Code/Yii/protected/controllers/SiteController.php (115)
in /home/vagrant/Code/Yii/public/index.php (13)
2016/12/10 21:59:45 [error] [php] require(): Filename cannot be empty (/home/vagrant/Code/Yii/vendor/yiisoft/yii/framework/web/CBaseController.php:130)
Stack trace:
#0 /home/vagrant/Code/Yii/vendor/yiisoft/yii/framework/zii/widgets/CListView.php(291): SiteController->renderFile()
#1 /home/vagrant/Code/Yii/vendor/yiisoft/yii/framework/zii/widgets/CBaseListView.php(181): CListView->renderItems()
#2 unknown(0): CListView->renderSection()
#3 /home/vagrant/Code/Yii/vendor/yiisoft/yii/framework/zii/widgets/CBaseListView.php(164): preg_replace_callback()
#4 /home/vagrant/Code/Yii/vendor/yiisoft/yii/framework/zii/widgets/CBaseListView.php(149): CListView->renderContent()
#5 /home/vagrant/Code/Yii/vendor/yiisoft/yii/framework/web/CBaseController.php(181): CListView->run()
#6 /home/vagrant/Code/Yii/protected/views/site/partners.php(8): SiteController->widget()
#7 /home/vagrant/Code/Yii/vendor/yiisoft/yii/framework/web/CBaseController.php(126): require()
#8 /home/vagrant/Code/Yii/vendor/yiisoft/yii/framework/web/CBaseController.php(95): SiteController->renderInternal()
#9 /home/vagrant/Code/Yii/vendor/yiisoft/yii/framework/web/CController.php(869): SiteController->renderFile()
#10 /home/vagrant/Code/Yii/vendor/yiisoft/yii/framework/web/CController.php(782): SiteController->renderPartial()
#11 /home/vagrant/Code/Yii/protected/controllers/SiteController.php(115): SiteController->render()
#12 /home/vagrant/Code/Yii/vendor/yiisoft/yii/framework/web/actions/CInlineAction.php(49): SiteController->actionPartners()
#13 /home/vagrant/Code/Yii/vendor/yiisoft/yii/framework/web/CController.php(308): CInlineAction->runWithParams()
#14 /home/vagrant/Code/Yii/vendor/yiisoft/yii/framework/web/CController.php(286): SiteController->runAction()
#15 /home/vagrant/Code/Yii/vendor/yiisoft/yii/framework/web/CController.php(265): SiteController->runActionWithFilters()
#16 /home/vagrant/Code/Yii/vendor/yiisoft/yii/framework/web/CWebApplication.php(282): SiteController->run()
#17 /home/vagrant/Code/Yii/vendor/yiisoft/yii/framework/web/CWebApplication.php(141): CWebApplication->runController()
#18 /home/vagrant/Code/Yii/vendor/yiisoft/yii/framework/base/CApplication.php(185): CWebApplication->processRequest()
#19 /home/vagrant/Code/Yii/public/index.php(13): CWebApplication->run()
REQUEST_URI=/index.php?r=site/partners
in /home/vagrant/Code/Yii/protected/views/site/partners.php (8)
in /home/vagrant/Code/Yii/protected/controllers/SiteController.php (115)
in /home/vagrant/Code/Yii/public/index.php (13)
2016/12/10 21:59:46 [error] [php] require(): Filename cannot be empty (/home/vagrant/Code/Yii/vendor/yiisoft/yii/framework/web/CBaseController.php:130)
Stack trace:
#0 /home/vagrant/Code/Yii/vendor/yiisoft/yii/framework/zii/widgets/CListView.php(291): SiteController->renderFile()
#1 /home/vagrant/Code/Yii/vendor/yiisoft/yii/framework/zii/widgets/CBaseListView.php(181): CListView->renderItems()
#2 unknown(0): CListView->renderSection()
#3 /home/vagrant/Code/Yii/vendor/yiisoft/yii/framework/zii/widgets/CBaseListView.php(164): preg_replace_callback()
#4 /home/vagrant/Code/Yii/vendor/yiisoft/yii/framework/zii/widgets/CBaseListView.php(149): CListView->renderContent()
#5 /home/vagrant/Code/Yii/vendor/yiisoft/yii/framework/web/CBaseController.php(181): CListView->run()
#6 /home/vagrant/Code/Yii/protected/views/site/partners.php(8): SiteController->widget()
#7 /home/vagrant/Code/Yii/vendor/yiisoft/yii/framework/web/CBaseController.php(126): require()
#8 /home/vagrant/Code/Yii/vendor/yiisoft/yii/framework/web/CBaseController.php(95): SiteController->renderInternal()
#9 /home/vagrant/Code/Yii/vendor/yiisoft/yii/framework/web/CController.php(869): SiteController->renderFile()
#10 /home/vagrant/Code/Yii/vendor/yiisoft/yii/framework/web/CController.php(782): SiteController->renderPartial()
#11 /home/vagrant/Code/Yii/protected/controllers/SiteController.php(115): SiteController->render()
#12 /home/vagrant/Code/Yii/vendor/yiisoft/yii/framework/web/actions/CInlineAction.php(49): SiteController->actionPartners()
#13 /home/vagrant/Code/Yii/vendor/yiisoft/yii/framework/web/CController.php(308): CInlineAction->runWithParams()
#14 /home/vagrant/Code/Yii/vendor/yiisoft/yii/framework/web/CController.php(286): SiteController->runAction()
#15 /home/vagrant/Code/Yii/vendor/yiisoft/yii/framework/web/CController.php(265): SiteController->runActionWithFilters()
#16 /home/vagrant/Code/Yii/vendor/yiisoft/yii/framework/web/CWebApplication.php(282): SiteController->run()
#17 /home/vagrant/Code/Yii/vendor/yiisoft/yii/framework/web/CWebApplication.php(141): CWebApplication->runController()
#18 /home/vagrant/Code/Yii/vendor/yiisoft/yii/framework/base/CApplication.php(185): CWebApplication->processRequest()
#19 /home/vagrant/Code/Yii/public/index.php(13): CWebApplication->run()
REQUEST_URI=/index.php?r=site/partners
in /home/vagrant/Code/Yii/protected/views/site/partners.php (8)
in /home/vagrant/Code/Yii/protected/controllers/SiteController.php (115)
in /home/vagrant/Code/Yii/public/index.php (13)
2016/12/10 21:59:48 [error] [php] require(): Filename cannot be empty (/home/vagrant/Code/Yii/vendor/yiisoft/yii/framework/web/CBaseController.php:130)
Stack trace:
#0 /home/vagrant/Code/Yii/vendor/yiisoft/yii/framework/zii/widgets/CListView.php(291): SiteController->renderFile()
#1 /home/vagrant/Code/Yii/vendor/yiisoft/yii/framework/zii/widgets/CBaseListView.php(181): CListView->renderItems()
#2 unknown(0): CListView->renderSection()
#3 /home/vagrant/Code/Yii/vendor/yiisoft/yii/framework/zii/widgets/CBaseListView.php(164): preg_replace_callback()
#4 /home/vagrant/Code/Yii/vendor/yiisoft/yii/framework/zii/widgets/CBaseListView.php(149): CListView->renderContent()
#5 /home/vagrant/Code/Yii/vendor/yiisoft/yii/framework/web/CBaseController.php(181): CListView->run()
#6 /home/vagrant/Code/Yii/protected/views/site/partners.php(8): SiteController->widget()
#7 /home/vagrant/Code/Yii/vendor/yiisoft/yii/framework/web/CBaseController.php(126): require()
#8 /home/vagrant/Code/Yii/vendor/yiisoft/yii/framework/web/CBaseController.php(95): SiteController->renderInternal()
#9 /home/vagrant/Code/Yii/vendor/yiisoft/yii/framework/web/CController.php(869): SiteController->renderFile()
#10 /home/vagrant/Code/Yii/vendor/yiisoft/yii/framework/web/CController.php(782): SiteController->renderPartial()
#11 /home/vagrant/Code/Yii/protected/controllers/SiteController.php(115): SiteController->render()
#12 /home/vagrant/Code/Yii/vendor/yiisoft/yii/framework/web/actions/CInlineAction.php(49): SiteController->actionPartners()
#13 /home/vagrant/Code/Yii/vendor/yiisoft/yii/framework/web/CController.php(308): CInlineAction->runWithParams()
#14 /home/vagrant/Code/Yii/vendor/yiisoft/yii/framework/web/CController.php(286): SiteController->runAction()
#15 /home/vagrant/Code/Yii/vendor/yiisoft/yii/framework/web/CController.php(265): SiteController->runActionWithFilters()
#16 /home/vagrant/Code/Yii/vendor/yiisoft/yii/framework/web/CWebApplication.php(282): SiteController->run()
#17 /home/vagrant/Code/Yii/vendor/yiisoft/yii/framework/web/CWebApplication.php(141): CWebApplication->runController()
#18 /home/vagrant/Code/Yii/vendor/yiisoft/yii/framework/base/CApplication.php(185): CWebApplication->processRequest()
#19 /home/vagrant/Code/Yii/public/index.php(13): CWebApplication->run()
REQUEST_URI=/index.php?r=site/partners
in /home/vagrant/Code/Yii/protected/views/site/partners.php (8)
in /home/vagrant/Code/Yii/protected/controllers/SiteController.php (115)
in /home/vagrant/Code/Yii/public/index.php (13)
2016/12/10 21:59:48 [error] [php] require(): Filename cannot be empty (/home/vagrant/Code/Yii/vendor/yiisoft/yii/framework/web/CBaseController.php:130)
Stack trace:
#0 /home/vagrant/Code/Yii/vendor/yiisoft/yii/framework/zii/widgets/CListView.php(291): SiteController->renderFile()
#1 /home/vagrant/Code/Yii/vendor/yiisoft/yii/framework/zii/widgets/CBaseListView.php(181): CListView->renderItems()
#2 unknown(0): CListView->renderSection()
#3 /home/vagrant/Code/Yii/vendor/yiisoft/yii/framework/zii/widgets/CBaseListView.php(164): preg_replace_callback()
#4 /home/vagrant/Code/Yii/vendor/yiisoft/yii/framework/zii/widgets/CBaseListView.php(149): CListView->renderContent()
#5 /home/vagrant/Code/Yii/vendor/yiisoft/yii/framework/web/CBaseController.php(181): CListView->run()
#6 /home/vagrant/Code/Yii/protected/views/site/partners.php(8): SiteController->widget()
#7 /home/vagrant/Code/Yii/vendor/yiisoft/yii/framework/web/CBaseController.php(126): require()
#8 /home/vagrant/Code/Yii/vendor/yiisoft/yii/framework/web/CBaseController.php(95): SiteController->renderInternal()
#9 /home/vagrant/Code/Yii/vendor/yiisoft/yii/framework/web/CController.php(869): SiteController->renderFile()
#10 /home/vagrant/Code/Yii/vendor/yiisoft/yii/framework/web/CController.php(782): SiteController->renderPartial()
#11 /home/vagrant/Code/Yii/protected/controllers/SiteController.php(115): SiteController->render()
#12 /home/vagrant/Code/Yii/vendor/yiisoft/yii/framework/web/actions/CInlineAction.php(49): SiteController->actionPartners()
#13 /home/vagrant/Code/Yii/vendor/yiisoft/yii/framework/web/CController.php(308): CInlineAction->runWithParams()
#14 /home/vagrant/Code/Yii/vendor/yiisoft/yii/framework/web/CController.php(286): SiteController->runAction()
#15 /home/vagrant/Code/Yii/vendor/yiisoft/yii/framework/web/CController.php(265): SiteController->runActionWithFilters()
#16 /home/vagrant/Code/Yii/vendor/yiisoft/yii/framework/web/CWebApplication.php(282): SiteController->run()
#17 /home/vagrant/Code/Yii/vendor/yiisoft/yii/framework/web/CWebApplication.php(141): CWebApplication->runController()
#18 /home/vagrant/Code/Yii/vendor/yiisoft/yii/framework/base/CApplication.php(185): CWebApplication->processRequest()
#19 /home/vagrant/Code/Yii/public/index.php(13): CWebApplication->run()
REQUEST_URI=/index.php?r=site/partners
in /home/vagrant/Code/Yii/protected/views/site/partners.php (8)
in /home/vagrant/Code/Yii/protected/controllers/SiteController.php (115)
in /home/vagrant/Code/Yii/public/index.php (13)
